<?xml version="1.0" encoding="UTF-8"?>
<!-- Generated by org.testng.reporters.JUnitXMLReporter -->
<testsuite ignored="0" hostname="milind-Latitude-3420" failures="0" tests="2" name="Test" time="219.661" errors="0" timestamp="2024-01-28T20:37:35 IST">
  <testcase classname="TestCases.WebLogin" name="TC01_Verify_Instant_Verification_PKG_Functionality" time="96.895"/>
  <testcase classname="TestCases.WebLogin" name="TC02_Verify_Basic_Verification_PKG_Functionality" time="122.494"/>
</testsuite> <!-- Test -->
